
2023-09-04 14:53:41.531 [ERR] Url:localhost:7108/api/Login/GetToken
    RequestId:723cdf9b9bfb42838d4259f17709432f
    RemoteAddress:::1
    X-Forwarded-For:
    SourceContext:Microsoft.AspNetCore.Server.Kestrel
    Connection id "0HMTD2D1LSABG", Request id "0HMTD2D1LSABG:0000000A": An unhandled exception was thrown by the application.
    System.InvalidOperationException: Response Content-Length mismatch: too few bytes written (0 of 248).

2023-09-04 15:46:27.817 [ERR] Url:localhost:7108/api/SapOrder/sap_purchase_order
    RequestId:31c5eceb63d745faaf0340ff85feb35f
    RemoteAddress:127.0.0.1
    X-Forwarded-For:
    SourceContext:Microsoft.AspNetCore.Server.Kestrel
    Connection id "0HMTD35LJFD0S", Request id "0HMTD35LJFD0S:00000002": An unhandled exception was thrown by the application.
    System.ObjectDisposedException: Cannot access a closed Stream.
   at System.IO.MemoryStream.set_Position(Int64 value)
   at APV.CRM.Service.Share.Log.Serilogs.Middlewares.SerilogMiddleware.InvokeAsync(HttpContext context) in C:\project\company\APV\apv.crm.services\APV.CRM.Service.Share\Log\Serilogs\Middlewares\SerilogMiddleware.cs:line 84
   at Microsoft.AspNetCore.Watch.BrowserRefresh.BrowserRefreshMiddleware.InvokeAsync(HttpContext context)
   at Microsoft.AspNetCore.Server.Kestrel.Core.Internal.Http.HttpProtocol.ProcessRequests[TContext](IHttpApplication`1 application)

2023-09-04 15:46:57.495 [ERR] Url:localhost:7108/api/SapOrder/sap_purchase_order
    RequestId:f4149ed418854c729848f54d3358464a
    RemoteAddress:127.0.0.1
    X-Forwarded-For:
    SourceContext:Microsoft.AspNetCore.Server.Kestrel
    Connection id "0HMTD35LJFD0T", Request id "0HMTD35LJFD0T:00000002": An unhandled exception was thrown by the application.
    System.ObjectDisposedException: Cannot access a closed Stream.
   at System.IO.MemoryStream.set_Position(Int64 value)
   at APV.CRM.Service.Share.Log.Serilogs.Middlewares.SerilogMiddleware.InvokeAsync(HttpContext context) in C:\project\company\APV\apv.crm.services\APV.CRM.Service.Share\Log\Serilogs\Middlewares\SerilogMiddleware.cs:line 84
   at Microsoft.AspNetCore.Watch.BrowserRefresh.BrowserRefreshMiddleware.InvokeAsync(HttpContext context)
   at Microsoft.AspNetCore.Server.Kestrel.Core.Internal.Http.HttpProtocol.ProcessRequests[TContext](IHttpApplication`1 application)

2023-09-04 15:48:47.702 [ERR] Url:localhost:7108/api/SapOrder/sap_purchase_order
    RequestId:95b7571709434fddbca31e0e59f29b6b
    RemoteAddress:127.0.0.1
    X-Forwarded-For:
    SourceContext:Microsoft.AspNetCore.Server.Kestrel
    Connection id "0HMTD35LJFD0U", Request id "0HMTD35LJFD0U:00000002": An unhandled exception was thrown by the application.
    System.ObjectDisposedException: Cannot access a closed Stream.
   at System.IO.MemoryStream.set_Position(Int64 value)
   at APV.CRM.Service.Share.Log.Serilogs.Middlewares.SerilogMiddleware.InvokeAsync(HttpContext context) in C:\project\company\APV\apv.crm.services\APV.CRM.Service.Share\Log\Serilogs\Middlewares\SerilogMiddleware.cs:line 84
   at Microsoft.AspNetCore.Watch.BrowserRefresh.BrowserRefreshMiddleware.InvokeAsync(HttpContext context)
   at Microsoft.AspNetCore.Server.Kestrel.Core.Internal.Http.HttpProtocol.ProcessRequests[TContext](IHttpApplication`1 application)

2023-09-04 15:49:51.193 [ERR] Url:localhost:7108/api/SapOrder/sap_purchase_order
    RequestId:9f9bcf51b13f4b85ab25f7a8d6bbaa31
    RemoteAddress:127.0.0.1
    X-Forwarded-For:
    SourceContext:Microsoft.AspNetCore.Diagnostics.DeveloperExceptionPageMiddleware
    An unhandled exception has occurred while executing the request.
    System.ObjectDisposedException: Cannot access a closed Stream.
   at System.IO.MemoryStream.set_Position(Int64 value)
   at APV.CRM.Service.Share.Log.Serilogs.Middlewares.SerilogMiddleware.InvokeAsync(HttpContext context) in C:\project\company\APV\apv.crm.services\APV.CRM.Service.Share\Log\Serilogs\Middlewares\SerilogMiddleware.cs:line 84
   at Microsoft.AspNetCore.Diagnostics.DeveloperExceptionPageMiddleware.Invoke(HttpContext context)

2023-09-04 15:49:51.306 [ERR] Url:localhost:7108/api/SapOrder/sap_purchase_order
    RequestId:9f9bcf51b13f4b85ab25f7a8d6bbaa31
    RemoteAddress:127.0.0.1
    X-Forwarded-For:
    SourceContext:Microsoft.AspNetCore.Server.Kestrel
    Connection id "0HMTD3DS2FHGI", Request id "0HMTD3DS2FHGI:00000002": An unhandled exception was thrown by the application.
    System.ObjectDisposedException: Cannot access a closed Stream.
   at System.IO.MemoryStream.set_Position(Int64 value)
   at APV.CRM.Service.Share.Log.Serilogs.Middlewares.SerilogMiddleware.InvokeAsync(HttpContext context) in C:\project\company\APV\apv.crm.services\APV.CRM.Service.Share\Log\Serilogs\Middlewares\SerilogMiddleware.cs:line 84
   at Microsoft.AspNetCore.Diagnostics.DeveloperExceptionPageMiddleware.Invoke(HttpContext context)
   at Microsoft.AspNetCore.Diagnostics.DeveloperExceptionPageMiddleware.Invoke(HttpContext context)
   at Microsoft.AspNetCore.Watch.BrowserRefresh.BrowserRefreshMiddleware.InvokeAsync(HttpContext context)
   at Microsoft.AspNetCore.Server.Kestrel.Core.Internal.Http.HttpProtocol.ProcessRequests[TContext](IHttpApplication`1 application)

2023-09-04 17:27:16.261 [ERR] Url:localhost:7108/api-docs/All/swagger.json
    RequestId:f9f275da673f4cee99db68cd82796645
    RemoteAddress:::1
    X-Forwarded-For:
    SourceContext:Serilog.AspNetCore.RequestLoggingMiddleware
    HTTP GET /api-docs/All/swagger.json responded 500 in 3353.8383 ms
    Swashbuckle.AspNetCore.SwaggerGen.SwaggerGeneratorException: Ambiguous HTTP method for action - APV.CRM.Service.Api.Controllers.OAController.ApprovalProcessCancel (APV.CRM.Service.Api). Actions require an explicit HttpMethod binding for Swagger/OpenAPI 3.0
   at Swashbuckle.AspNetCore.SwaggerGen.SwaggerGenerator.GenerateOperations(IEnumerable`1 apiDescriptions, SchemaRepository schemaRepository)
   at Swashbuckle.AspNetCore.SwaggerGen.SwaggerGenerator.GeneratePaths(IEnumerable`1 apiDescriptions, SchemaRepository schemaRepository)
   at Swashbuckle.AspNetCore.SwaggerGen.SwaggerGenerator.GetSwaggerDocumentWithoutFilters(String documentName, String host, String basePath)
   at Swashbuckle.AspNetCore.SwaggerGen.SwaggerGenerator.GetSwaggerAsync(String documentName, String host, String basePath)
   at Swashbuckle.AspNetCore.Swagger.SwaggerMiddleware.Invoke(HttpContext httpContext, ISwaggerProvider swaggerProvider)
   at Serilog.AspNetCore.RequestLoggingMiddleware.Invoke(HttpContext httpContext)

2023-09-04 17:27:16.417 [ERR] Url:localhost:7108/api-docs/All/swagger.json
    RequestId:f9f275da673f4cee99db68cd82796645
    RemoteAddress:::1
    X-Forwarded-For:
    SourceContext:Microsoft.AspNetCore.Server.Kestrel
    Connection id "0HMTD54D0H2DU", Request id "0HMTD54D0H2DU:00000004": An unhandled exception was thrown by the application.
    Swashbuckle.AspNetCore.SwaggerGen.SwaggerGeneratorException: Ambiguous HTTP method for action - APV.CRM.Service.Api.Controllers.OAController.ApprovalProcessCancel (APV.CRM.Service.Api). Actions require an explicit HttpMethod binding for Swagger/OpenAPI 3.0
   at Swashbuckle.AspNetCore.SwaggerGen.SwaggerGenerator.GenerateOperations(IEnumerable`1 apiDescriptions, SchemaRepository schemaRepository)
   at Swashbuckle.AspNetCore.SwaggerGen.SwaggerGenerator.GeneratePaths(IEnumerable`1 apiDescriptions, SchemaRepository schemaRepository)
   at Swashbuckle.AspNetCore.SwaggerGen.SwaggerGenerator.GetSwaggerDocumentWithoutFilters(String documentName, String host, String basePath)
   at Swashbuckle.AspNetCore.SwaggerGen.SwaggerGenerator.GetSwaggerAsync(String documentName, String host, String basePath)
   at Swashbuckle.AspNetCore.Swagger.SwaggerMiddleware.Invoke(HttpContext httpContext, ISwaggerProvider swaggerProvider)
   at Serilog.AspNetCore.RequestLoggingMiddleware.Invoke(HttpContext httpContext)
   at APV.CRM.Service.Share.Log.Serilogs.Middlewares.SerilogMiddleware.InvokeAsync(HttpContext context) in C:\project\company\APV\apv.crm.services\APV.CRM.Service.Share\Log\Serilogs\Middlewares\SerilogMiddleware.cs:line 90
   at Microsoft.AspNetCore.Watch.BrowserRefresh.BrowserRefreshMiddleware.InvokeAsync(HttpContext context)
   at Microsoft.AspNetCore.Server.Kestrel.Core.Internal.Http.HttpProtocol.ProcessRequests[TContext](IHttpApplication`1 application)

2023-09-04 17:36:38.663 [ERR] Url:localhost:7108/api/BI/GetVisitInfo
    RequestId:ac50e951ed134c92add0cbf7fffe125c
    RemoteAddress:127.0.0.1
    X-Forwarded-For:
    SourceContext:Microsoft.AspNetCore.Server.Kestrel
    Connection id "0HMTD54D0H2E0", Request id "0HMTD54D0H2E0:00000002": An unhandled exception was thrown by the application.
    System.ObjectDisposedException: Cannot access a closed Stream.
   at System.IO.MemoryStream.set_Position(Int64 value)
   at APV.CRM.Service.Share.Log.Serilogs.Middlewares.SerilogMiddleware.InvokeAsync(HttpContext context) in C:\project\company\APV\apv.crm.services\APV.CRM.Service.Share\Log\Serilogs\Middlewares\SerilogMiddleware.cs:line 84
   at Microsoft.AspNetCore.Watch.BrowserRefresh.BrowserRefreshMiddleware.InvokeAsync(HttpContext context)
   at Microsoft.AspNetCore.Server.Kestrel.Core.Internal.Http.HttpProtocol.ProcessRequests[TContext](IHttpApplication`1 application)

2023-09-04 17:37:12.018 [ERR] Url:localhost:7108/api/BI/GetVisitInfo
    RequestId:448280126af4452d800cc51c3b859a6b
    RemoteAddress:127.0.0.1
    X-Forwarded-For:
    SourceContext:Microsoft.AspNetCore.Server.Kestrel
    Connection id "0HMTD54D0H2E1", Request id "0HMTD54D0H2E1:00000002": An unhandled exception was thrown by the application.
    System.ObjectDisposedException: Cannot access a closed Stream.
   at System.IO.MemoryStream.set_Position(Int64 value)
   at APV.CRM.Service.Share.Log.Serilogs.Middlewares.SerilogMiddleware.InvokeAsync(HttpContext context) in C:\project\company\APV\apv.crm.services\APV.CRM.Service.Share\Log\Serilogs\Middlewares\SerilogMiddleware.cs:line 84
   at Microsoft.AspNetCore.Watch.BrowserRefresh.BrowserRefreshMiddleware.InvokeAsync(HttpContext context)
   at Microsoft.AspNetCore.Server.Kestrel.Core.Internal.Http.HttpProtocol.ProcessRequests[TContext](IHttpApplication`1 application)

2023-09-04 17:41:12.812 [ERR] Url:localhost:7108/api-docs/All/swagger.json
    RequestId:f48927a7586741a9b9d783ca9a43d41c
    RemoteAddress:::1
    X-Forwarded-For:
    SourceContext:Serilog.AspNetCore.RequestLoggingMiddleware
    HTTP GET /api-docs/All/swagger.json responded 500 in 3427.5236 ms
    Swashbuckle.AspNetCore.SwaggerGen.SwaggerGeneratorException: Ambiguous HTTP method for action - APV.CRM.Service.Api.Controllers.OAController.ApprovalProcessCancel (APV.CRM.Service.Api). Actions require an explicit HttpMethod binding for Swagger/OpenAPI 3.0
   at Swashbuckle.AspNetCore.SwaggerGen.SwaggerGenerator.GenerateOperations(IEnumerable`1 apiDescriptions, SchemaRepository schemaRepository)
   at Swashbuckle.AspNetCore.SwaggerGen.SwaggerGenerator.GeneratePaths(IEnumerable`1 apiDescriptions, SchemaRepository schemaRepository)
   at Swashbuckle.AspNetCore.SwaggerGen.SwaggerGenerator.GetSwaggerDocumentWithoutFilters(String documentName, String host, String basePath)
   at Swashbuckle.AspNetCore.SwaggerGen.SwaggerGenerator.GetSwaggerAsync(String documentName, String host, String basePath)
   at Swashbuckle.AspNetCore.Swagger.SwaggerMiddleware.Invoke(HttpContext httpContext, ISwaggerProvider swaggerProvider)
   at Serilog.AspNetCore.RequestLoggingMiddleware.Invoke(HttpContext httpContext)

2023-09-04 17:41:12.971 [ERR] Url:localhost:7108/api-docs/All/swagger.json
    RequestId:f48927a7586741a9b9d783ca9a43d41c
    RemoteAddress:::1
    X-Forwarded-For:
    SourceContext:Microsoft.AspNetCore.Server.Kestrel
    Connection id "0HMTD5C6OQFB3", Request id "0HMTD5C6OQFB3:00000006": An unhandled exception was thrown by the application.
    Swashbuckle.AspNetCore.SwaggerGen.SwaggerGeneratorException: Ambiguous HTTP method for action - APV.CRM.Service.Api.Controllers.OAController.ApprovalProcessCancel (APV.CRM.Service.Api). Actions require an explicit HttpMethod binding for Swagger/OpenAPI 3.0
   at Swashbuckle.AspNetCore.SwaggerGen.SwaggerGenerator.GenerateOperations(IEnumerable`1 apiDescriptions, SchemaRepository schemaRepository)
   at Swashbuckle.AspNetCore.SwaggerGen.SwaggerGenerator.GeneratePaths(IEnumerable`1 apiDescriptions, SchemaRepository schemaRepository)
   at Swashbuckle.AspNetCore.SwaggerGen.SwaggerGenerator.GetSwaggerDocumentWithoutFilters(String documentName, String host, String basePath)
   at Swashbuckle.AspNetCore.SwaggerGen.SwaggerGenerator.GetSwaggerAsync(String documentName, String host, String basePath)
   at Swashbuckle.AspNetCore.Swagger.SwaggerMiddleware.Invoke(HttpContext httpContext, ISwaggerProvider swaggerProvider)
   at Serilog.AspNetCore.RequestLoggingMiddleware.Invoke(HttpContext httpContext)
   at APV.CRM.Service.Share.Log.Serilogs.Middlewares.SerilogMiddleware.InvokeAsync(HttpContext context) in C:\project\company\APV\apv.crm.services\APV.CRM.Service.Share\Log\Serilogs\Middlewares\SerilogMiddleware.cs:line 89
   at Microsoft.AspNetCore.Watch.BrowserRefresh.BrowserRefreshMiddleware.InvokeAsync(HttpContext context)
   at Microsoft.AspNetCore.Server.Kestrel.Core.Internal.Http.HttpProtocol.ProcessRequests[TContext](IHttpApplication`1 application)

2023-09-04 17:41:45.213 [ERR] Url:localhost:7108/api/BI/GetVisitInfo
    RequestId:e21365c79f224a23b8ccf42424109e78
    RemoteAddress:127.0.0.1
    X-Forwarded-For:
    SourceContext:Microsoft.AspNetCore.Server.Kestrel
    Connection id "0HMTD5C6OQFB4", Request id "0HMTD5C6OQFB4:00000002": An unhandled exception was thrown by the application.
    System.InvalidOperationException: Response Content-Length mismatch: too few bytes written (0 of 96562).

2023-09-04 17:43:53.239 [ERR] Url:localhost:7108/api-docs/All/swagger.json
    RequestId:9ea67526919c40c6b14898f4b7823a37
    RemoteAddress:::1
    X-Forwarded-For:
    SourceContext:Serilog.AspNetCore.RequestLoggingMiddleware
    HTTP GET /api-docs/All/swagger.json responded 500 in 2396.9552 ms
    Swashbuckle.AspNetCore.SwaggerGen.SwaggerGeneratorException: Ambiguous HTTP method for action - APV.CRM.Service.Api.Controllers.OAController.ApprovalProcessCancel (APV.CRM.Service.Api). Actions require an explicit HttpMethod binding for Swagger/OpenAPI 3.0
   at Swashbuckle.AspNetCore.SwaggerGen.SwaggerGenerator.GenerateOperations(IEnumerable`1 apiDescriptions, SchemaRepository schemaRepository)
   at Swashbuckle.AspNetCore.SwaggerGen.SwaggerGenerator.GeneratePaths(IEnumerable`1 apiDescriptions, SchemaRepository schemaRepository)
   at Swashbuckle.AspNetCore.SwaggerGen.SwaggerGenerator.GetSwaggerDocumentWithoutFilters(String documentName, String host, String basePath)
   at Swashbuckle.AspNetCore.SwaggerGen.SwaggerGenerator.GetSwaggerAsync(String documentName, String host, String basePath)
   at Swashbuckle.AspNetCore.Swagger.SwaggerMiddleware.Invoke(HttpContext httpContext, ISwaggerProvider swaggerProvider)
   at Serilog.AspNetCore.RequestLoggingMiddleware.Invoke(HttpContext httpContext)

2023-09-04 17:43:53.387 [ERR] Url:localhost:7108/api-docs/All/swagger.json
    RequestId:9ea67526919c40c6b14898f4b7823a37
    RemoteAddress:::1
    X-Forwarded-For:
    SourceContext:Microsoft.AspNetCore.Server.Kestrel
    Connection id "0HMTD5DNTO28G", Request id "0HMTD5DNTO28G:00000004": An unhandled exception was thrown by the application.
    Swashbuckle.AspNetCore.SwaggerGen.SwaggerGeneratorException: Ambiguous HTTP method for action - APV.CRM.Service.Api.Controllers.OAController.ApprovalProcessCancel (APV.CRM.Service.Api). Actions require an explicit HttpMethod binding for Swagger/OpenAPI 3.0
   at Swashbuckle.AspNetCore.SwaggerGen.SwaggerGenerator.GenerateOperations(IEnumerable`1 apiDescriptions, SchemaRepository schemaRepository)
   at Swashbuckle.AspNetCore.SwaggerGen.SwaggerGenerator.GeneratePaths(IEnumerable`1 apiDescriptions, SchemaRepository schemaRepository)
   at Swashbuckle.AspNetCore.SwaggerGen.SwaggerGenerator.GetSwaggerDocumentWithoutFilters(String documentName, String host, String basePath)
   at Swashbuckle.AspNetCore.SwaggerGen.SwaggerGenerator.GetSwaggerAsync(String documentName, String host, String basePath)
   at Swashbuckle.AspNetCore.Swagger.SwaggerMiddleware.Invoke(HttpContext httpContext, ISwaggerProvider swaggerProvider)
   at Serilog.AspNetCore.RequestLoggingMiddleware.Invoke(HttpContext httpContext)
   at APV.CRM.Service.Share.Log.Serilogs.Middlewares.SerilogMiddleware.InvokeAsync(HttpContext context) in C:\project\company\APV\apv.crm.services\APV.CRM.Service.Share\Log\Serilogs\Middlewares\SerilogMiddleware.cs:line 89
   at Microsoft.AspNetCore.Watch.BrowserRefresh.BrowserRefreshMiddleware.InvokeAsync(HttpContext context)
   at Microsoft.AspNetCore.Server.Kestrel.Core.Internal.Http.HttpProtocol.ProcessRequests[TContext](IHttpApplication`1 application)

2023-09-04 17:50:24.434 [ERR] Url:localhost:7108/api-docs/All/swagger.json
    RequestId:c55290443a724d26af4f2778318c1b50
    RemoteAddress:::1
    X-Forwarded-For:
    SourceContext:Serilog.AspNetCore.RequestLoggingMiddleware
    HTTP GET /api-docs/All/swagger.json responded 500 in 3731.1618 ms
    Swashbuckle.AspNetCore.SwaggerGen.SwaggerGeneratorException: Ambiguous HTTP method for action - APV.CRM.Service.Api.Controllers.OAController.ApprovalProcessCancel (APV.CRM.Service.Api). Actions require an explicit HttpMethod binding for Swagger/OpenAPI 3.0
   at Swashbuckle.AspNetCore.SwaggerGen.SwaggerGenerator.GenerateOperations(IEnumerable`1 apiDescriptions, SchemaRepository schemaRepository)
   at Swashbuckle.AspNetCore.SwaggerGen.SwaggerGenerator.GeneratePaths(IEnumerable`1 apiDescriptions, SchemaRepository schemaRepository)
   at Swashbuckle.AspNetCore.SwaggerGen.SwaggerGenerator.GetSwaggerDocumentWithoutFilters(String documentName, String host, String basePath)
   at Swashbuckle.AspNetCore.SwaggerGen.SwaggerGenerator.GetSwaggerAsync(String documentName, String host, String basePath)
   at Swashbuckle.AspNetCore.Swagger.SwaggerMiddleware.Invoke(HttpContext httpContext, ISwaggerProvider swaggerProvider)
   at Serilog.AspNetCore.RequestLoggingMiddleware.Invoke(HttpContext httpContext)

2023-09-04 17:50:24.564 [ERR] Url:localhost:7108/api-docs/All/swagger.json
    RequestId:c55290443a724d26af4f2778318c1b50
    RemoteAddress:::1
    X-Forwarded-For:
    SourceContext:Microsoft.AspNetCore.Server.Kestrel
    Connection id "0HMTD5HBL0KNV", Request id "0HMTD5HBL0KNV:00000005": An unhandled exception was thrown by the application.
    Swashbuckle.AspNetCore.SwaggerGen.SwaggerGeneratorException: Ambiguous HTTP method for action - APV.CRM.Service.Api.Controllers.OAController.ApprovalProcessCancel (APV.CRM.Service.Api). Actions require an explicit HttpMethod binding for Swagger/OpenAPI 3.0
   at Swashbuckle.AspNetCore.SwaggerGen.SwaggerGenerator.GenerateOperations(IEnumerable`1 apiDescriptions, SchemaRepository schemaRepository)
   at Swashbuckle.AspNetCore.SwaggerGen.SwaggerGenerator.GeneratePaths(IEnumerable`1 apiDescriptions, SchemaRepository schemaRepository)
   at Swashbuckle.AspNetCore.SwaggerGen.SwaggerGenerator.GetSwaggerDocumentWithoutFilters(String documentName, String host, String basePath)
   at Swashbuckle.AspNetCore.SwaggerGen.SwaggerGenerator.GetSwaggerAsync(String documentName, String host, String basePath)
   at Swashbuckle.AspNetCore.Swagger.SwaggerMiddleware.Invoke(HttpContext httpContext, ISwaggerProvider swaggerProvider)
   at Serilog.AspNetCore.RequestLoggingMiddleware.Invoke(HttpContext httpContext)
   at APV.CRM.Service.Share.Log.Serilogs.Middlewares.SerilogMiddleware.InvokeAsync(HttpContext context) in C:\project\company\APV\apv.crm.services\APV.CRM.Service.Share\Log\Serilogs\Middlewares\SerilogMiddleware.cs:line 91
   at Microsoft.AspNetCore.Watch.BrowserRefresh.BrowserRefreshMiddleware.InvokeAsync(HttpContext context)
   at Microsoft.AspNetCore.Server.Kestrel.Core.Internal.Http.HttpProtocol.ProcessRequests[TContext](IHttpApplication`1 application)

2023-09-04 17:53:03.833 [ERR] Url:localhost:7108/api-docs/All/swagger.json
    RequestId:8959f6b5808543fc92df6ea9d951d1d3
    RemoteAddress:::1
    X-Forwarded-For:
    SourceContext:Serilog.AspNetCore.RequestLoggingMiddleware
    HTTP GET /api-docs/All/swagger.json responded 500 in 2684.8931 ms
    Swashbuckle.AspNetCore.SwaggerGen.SwaggerGeneratorException: Ambiguous HTTP method for action - APV.CRM.Service.Api.Controllers.OAController.ApprovalProcessCancel (APV.CRM.Service.Api). Actions require an explicit HttpMethod binding for Swagger/OpenAPI 3.0
   at Swashbuckle.AspNetCore.SwaggerGen.SwaggerGenerator.GenerateOperations(IEnumerable`1 apiDescriptions, SchemaRepository schemaRepository)
   at Swashbuckle.AspNetCore.SwaggerGen.SwaggerGenerator.GeneratePaths(IEnumerable`1 apiDescriptions, SchemaRepository schemaRepository)
   at Swashbuckle.AspNetCore.SwaggerGen.SwaggerGenerator.GetSwaggerDocumentWithoutFilters(String documentName, String host, String basePath)
   at Swashbuckle.AspNetCore.SwaggerGen.SwaggerGenerator.GetSwaggerAsync(String documentName, String host, String basePath)
   at Swashbuckle.AspNetCore.Swagger.SwaggerMiddleware.Invoke(HttpContext httpContext, ISwaggerProvider swaggerProvider)
   at Serilog.AspNetCore.RequestLoggingMiddleware.Invoke(HttpContext httpContext)

2023-09-04 17:53:03.983 [ERR] Url:localhost:7108/api-docs/All/swagger.json
    RequestId:8959f6b5808543fc92df6ea9d951d1d3
    RemoteAddress:::1
    X-Forwarded-For:
    SourceContext:Microsoft.AspNetCore.Server.Kestrel
    Connection id "0HMTD5IROO57H", Request id "0HMTD5IROO57H:00000004": An unhandled exception was thrown by the application.
    Swashbuckle.AspNetCore.SwaggerGen.SwaggerGeneratorException: Ambiguous HTTP method for action - APV.CRM.Service.Api.Controllers.OAController.ApprovalProcessCancel (APV.CRM.Service.Api). Actions require an explicit HttpMethod binding for Swagger/OpenAPI 3.0
   at Swashbuckle.AspNetCore.SwaggerGen.SwaggerGenerator.GenerateOperations(IEnumerable`1 apiDescriptions, SchemaRepository schemaRepository)
   at Swashbuckle.AspNetCore.SwaggerGen.SwaggerGenerator.GeneratePaths(IEnumerable`1 apiDescriptions, SchemaRepository schemaRepository)
   at Swashbuckle.AspNetCore.SwaggerGen.SwaggerGenerator.GetSwaggerDocumentWithoutFilters(String documentName, String host, String basePath)
   at Swashbuckle.AspNetCore.SwaggerGen.SwaggerGenerator.GetSwaggerAsync(String documentName, String host, String basePath)
   at Swashbuckle.AspNetCore.Swagger.SwaggerMiddleware.Invoke(HttpContext httpContext, ISwaggerProvider swaggerProvider)
   at Serilog.AspNetCore.RequestLoggingMiddleware.Invoke(HttpContext httpContext)
   at APV.CRM.Service.Share.Log.Serilogs.Middlewares.SerilogMiddleware.InvokeAsync(HttpContext context) in C:\project\company\APV\apv.crm.services\APV.CRM.Service.Share\Log\Serilogs\Middlewares\SerilogMiddleware.cs:line 91
   at Microsoft.AspNetCore.Watch.BrowserRefresh.BrowserRefreshMiddleware.InvokeAsync(HttpContext context)
   at Microsoft.AspNetCore.Server.Kestrel.Core.Internal.Http.HttpProtocol.ProcessRequests[TContext](IHttpApplication`1 application)

2023-09-04 18:08:30.336 [ERR] Url:localhost:7108/api/BI/GetVisitInfo
    RequestId:828a3b905d2c4b6e89eb076ba8abce8a
    RemoteAddress:127.0.0.1
    X-Forwarded-For:
    SourceContext:Microsoft.AspNetCore.Server.Kestrel
    Connection id "0HMTD5NAPL5CR", Request id "0HMTD5NAPL5CR:00000002": An unhandled exception was thrown by the application.
    System.InvalidOperationException: Response Content-Length mismatch: too few bytes written (0 of 96562).

2023-09-04 18:13:16.359 [ERR] Url:localhost:7108/api/BI/GetVisitInfo
    RequestId:cd7b1072811e462eb757fefb3b27f1db
    RemoteAddress:127.0.0.1
    X-Forwarded-For:
    SourceContext:Microsoft.AspNetCore.Server.Kestrel
    Connection id "0HMTD5NAPL5CS", Request id "0HMTD5NAPL5CS:00000002": An unhandled exception was thrown by the application.
    System.InvalidOperationException: Response Content-Length mismatch: too few bytes written (0 of 96562).

2023-09-04 18:20:15.472 [ERR] Url:localhost:7108/api/BI/GetVisitInfo
    RequestId:c46315f2258c4dcb83600b766b6f1999
    RemoteAddress:127.0.0.1
    X-Forwarded-For:
    SourceContext:Microsoft.AspNetCore.Server.Kestrel
    Connection id "0HMTD60JMJOSL", Request id "0HMTD60JMJOSL:00000002": An unhandled exception was thrown by the application.
    System.ObjectDisposedException: Cannot access a closed Stream.
   at System.IO.MemoryStream.set_Position(Int64 value)
   at APV.CRM.Service.Share.Log.Serilogs.Middlewares.SerilogMiddleware.InvokeAsync(HttpContext context)
   at Microsoft.AspNetCore.Watch.BrowserRefresh.BrowserRefreshMiddleware.InvokeAsync(HttpContext context)
   at Microsoft.AspNetCore.Server.Kestrel.Core.Internal.Http.HttpProtocol.ProcessRequests[TContext](IHttpApplication`1 application)

2023-09-04 18:20:50.867 [ERR] Url:localhost:7108/api/BI/GetVisitInfo
    RequestId:c0932610c180429abb0786a59241315c
    RemoteAddress:127.0.0.1
    X-Forwarded-For:
    SourceContext:Microsoft.AspNetCore.Server.Kestrel
    Connection id "0HMTD60JMJOSO", Request id "0HMTD60JMJOSO:00000002": An unhandled exception was thrown by the application.
    System.NotSupportedException: Specified method is not supported.
   at Microsoft.AspNetCore.Server.Kestrel.Core.Internal.Http.HttpResponseStream.set_Position(Int64 value)
   at APV.CRM.Service.Share.Log.Serilogs.Middlewares.SerilogMiddleware.InvokeAsync(HttpContext context)
   at Microsoft.AspNetCore.Watch.BrowserRefresh.BrowserRefreshMiddleware.InvokeAsync(HttpContext context)
   at Microsoft.AspNetCore.Server.Kestrel.Core.Internal.Http.HttpProtocol.ProcessRequests[TContext](IHttpApplication`1 application)

2023-09-04 18:21:56.727 [ERR] Url:localhost:7108/api/BI/GetVisitInfo
    RequestId:407ef5251e064abf9d6401975de44b5f
    RemoteAddress:127.0.0.1
    X-Forwarded-For:
    SourceContext:Microsoft.AspNetCore.Server.Kestrel
    Connection id "0HMTD60JMJOSQ", Request id "0HMTD60JMJOSQ:00000002": An unhandled exception was thrown by the application.
    System.NotSupportedException: Specified method is not supported.
   at Microsoft.AspNetCore.Server.Kestrel.Core.Internal.Http.HttpResponseStream.set_Position(Int64 value)
   at APV.CRM.Service.Share.Log.Serilogs.Middlewares.SerilogMiddleware.InvokeAsync(HttpContext context)
   at Microsoft.AspNetCore.Watch.BrowserRefresh.BrowserRefreshMiddleware.InvokeAsync(HttpContext context)
   at Microsoft.AspNetCore.Server.Kestrel.Core.Internal.Http.HttpProtocol.ProcessRequests[TContext](IHttpApplication`1 application)
