
2023-09-15 23:26:34.295 [INF] Url:127.0.0.1/
    RequestId:00000000000000000000000000000000
    RemoteAddress:127.0.0.1
    X-Forwarded-For:
    SourceContext:APV.CRM.Service.Api
    App Environment:{"EnvironmentName":"Development","ApplicationName":"APV.CRM.Service.Api","WebRootPath":null,"WebRootFileProvider":{},"ContentRootPath":"C:\\project\\company\\apv.crm.services\\APV.CRM.Service.Api\\","ContentRootFileProvider":{"UsePollingFileWatcher":false,"UseActivePolling":false,"Root":"C:\\project\\company\\apv.crm.services\\APV.CRM.Service.Api\\"}}
    
2023-09-15 23:26:37.532 [INF] Url:localhost:7108/index.html
    RequestId:eb4f6eb83d9744f685f32fe589fee4b2
    RemoteAddress:::1
    X-Forwarded-For:
    SourceContext:Serilog.AspNetCore.RequestLoggingMiddleware
    HTTP GET /index.html responded 200 in 556.6371 ms
    
2023-09-15 23:26:38.819 [INF] Url:localhost:7108/swagger-resources
    RequestId:789cc484e25e48b7b3cbca8c01660198
    RemoteAddress:::1
    X-Forwarded-For:
    SourceContext:Serilog.AspNetCore.RequestLoggingMiddleware
    HTTP GET /swagger-resources responded 200 in 455.2268 ms
    
2023-09-15 23:26:39.446 [INF] Url:localhost:7108/api-docs/All/swagger.json
    RequestId:7dcca50190224f59b8fd220b1ce5cabb
    RemoteAddress:::1
    X-Forwarded-For:
    SourceContext:Serilog.AspNetCore.RequestLoggingMiddleware
    HTTP GET /api-docs/All/swagger.json responded 200 in 565.5277 ms
    
2023-09-15 23:26:55.820 [INF] Url:localhost:7108/api/Common/GetAllApiInfo
    RequestId:e7759d079be849838578c123e6ae1550
    RemoteAddress:::1
    X-Forwarded-For:
    SourceContext:Serilog.AspNetCore.RequestLoggingMiddleware
    HTTP GET /api/Common/GetAllApiInfo responded 200 in 198.0210 ms
    